Base path: D:/apps/Editor/Data
Pipe name: \\.\pipe\UnityShaderCompiler-1-4152
Cmd: getPlatforms
Cmd: compileSnippet
  api=4 type=0 insize=5868 outsize=1298 kw=DIRECTIONAL ok=1
Cmd: compileSnippet
  api=4 type=1 insize=5868 outsize=2517 kw=DIRECTIONAL ok=1
Cmd: compileSnippet
  api=4 type=2 insize=5868 outsize=7750 kw=DIRECTIONAL ok=1
Cmd: compileSnippet
  api=4 type=3 insize=5868 outsize=5353 kw=DIRECTIONAL ok=1
Cmd: preprocess
  insize=440 outsize=1186 ok=1
Cmd: compileSnippet
  api=4 type=0 insize=4279 outsize=2607 kw=DIRECTIONAL SHADOWS_OFF LIGHTMAP_OFF DIRLIGHTMAP_OFF ok=1
Cmd: compileSnippet
  api=4 type=1 insize=4279 outsize=1242 kw=DIRECTIONAL SHADOWS_OFF LIGHTMAP_OFF DIRLIGHTMAP_OFF ok=1
Cmd: compileSnippet
  api=4 type=0 insize=2255 outsize=2875 kw=POINT ok=1
Cmd: compileSnippet
  api=4 type=1 insize=2255 outsize=1542 kw=POINT ok=1
Cmd: compileSnippet
  api=4 type=0 insize=1783 outsize=1477 kw= ok=1
Cmd: compileSnippet
  api=4 type=1 insize=1783 outsize=632 kw= ok=1
Cmd: compileSnippet
  api=4 type=0 insize=3996 outsize=2883 kw=LIGHTMAP_OFF DIRLIGHTMAP_OFF HDR_LIGHT_PREPASS_OFF ok=1
Cmd: compileSnippet
  api=4 type=1 insize=3996 outsize=1152 kw=LIGHTMAP_OFF DIRLIGHTMAP_OFF HDR_LIGHT_PREPASS_OFF ok=1
Cmd: compileSnippet
  api=4 type=0 insize=2255 outsize=1851 kw=DIRECTIONAL ok=1
Cmd: compileSnippet
  api=4 type=1 insize=2255 outsize=1128 kw=DIRECTIONAL ok=1
Cmd: preprocess
  insize=440 outsize=1186 ok=1
Cmd: preprocess
  insize=440 outsize=1186 ok=1
